2020-11-22 04:04:31.9369|10403|INFO|Microsoft.EntityFrameworkCore.Infrastructure|Entity Framework Core 5.0.0-rc.1.20451.13 initialized 'NoteContext' using provider 'Microsoft.EntityFrameworkCore.SqlServer' with options: None 
2020-11-22 04:04:32.5949|20101|INFO|Microsoft.EntityFrameworkCore.Database.Command|Executed DbCommand (66ms) [Parameters=[], CommandType='Text', CommandTimeout='30']
SELECT 1 
2020-11-22 04:04:32.6529|20101|INFO|Microsoft.EntityFrameworkCore.Database.Command|Executed DbCommand (37ms) [Parameters=[], CommandType='Text', CommandTimeout='30']
SELECT OBJECT_ID(N'[__EFMigrationsHistory]'); 
2020-11-22 04:04:32.6529|20101|INFO|Microsoft.EntityFrameworkCore.Database.Command|Executed DbCommand (2ms) [Parameters=[], CommandType='Text', CommandTimeout='30']
SELECT 1 
2020-11-22 04:04:32.6529|20101|INFO|Microsoft.EntityFrameworkCore.Database.Command|Executed DbCommand (0ms) [Parameters=[], CommandType='Text', CommandTimeout='30']
SELECT OBJECT_ID(N'[__EFMigrationsHistory]'); 
2020-11-22 04:04:32.6869|20101|INFO|Microsoft.EntityFrameworkCore.Database.Command|Executed DbCommand (15ms) [Parameters=[], CommandType='Text', CommandTimeout='30']
SELECT [MigrationId], [ProductVersion]
FROM [__EFMigrationsHistory]
ORDER BY [MigrationId]; 
2020-11-22 04:04:32.7279|20405|INFO|Microsoft.EntityFrameworkCore.Migrations|No migrations were applied. The database is already up to date. 
2020-11-22 04:07:07.5697|10403|INFO|Microsoft.EntityFrameworkCore.Infrastructure|Entity Framework Core 5.0.0-rc.1.20451.13 initialized 'NoteContext' using provider 'Microsoft.EntityFrameworkCore.SqlServer' with options: None 
2020-11-22 04:07:57.0786|10403|INFO|Microsoft.EntityFrameworkCore.Infrastructure|Entity Framework Core 5.0.0-rc.1.20451.13 initialized 'NoteContext' using provider 'Microsoft.EntityFrameworkCore.SqlServer' with options: None 
2020-11-22 04:07:57.6966|20101|INFO|Microsoft.EntityFrameworkCore.Database.Command|Executed DbCommand (37ms) [Parameters=[], CommandType='Text', CommandTimeout='30']
SELECT 1 
2020-11-22 04:07:57.7556|20101|INFO|Microsoft.EntityFrameworkCore.Database.Command|Executed DbCommand (39ms) [Parameters=[], CommandType='Text', CommandTimeout='30']
SELECT OBJECT_ID(N'[__EFMigrationsHistory]'); 
2020-11-22 04:07:57.7626|20101|INFO|Microsoft.EntityFrameworkCore.Database.Command|Executed DbCommand (2ms) [Parameters=[], CommandType='Text', CommandTimeout='30']
SELECT 1 
2020-11-22 04:07:57.7626|20101|INFO|Microsoft.EntityFrameworkCore.Database.Command|Executed DbCommand (6ms) [Parameters=[], CommandType='Text', CommandTimeout='30']
SELECT OBJECT_ID(N'[__EFMigrationsHistory]'); 
2020-11-22 04:07:57.7906|20101|INFO|Microsoft.EntityFrameworkCore.Database.Command|Executed DbCommand (4ms) [Parameters=[], CommandType='Text', CommandTimeout='30']
SELECT [MigrationId], [ProductVersion]
FROM [__EFMigrationsHistory]
ORDER BY [MigrationId]; 
2020-11-22 04:07:57.8326|20402|INFO|Microsoft.EntityFrameworkCore.Migrations|Applying migration '20201121200707_test'. 
2020-11-22 04:07:57.9516|20101|INFO|Microsoft.EntityFrameworkCore.Database.Command|Executed DbCommand (27ms) [Parameters=[], CommandType='Text', CommandTimeout='30']
ALTER TABLE [AspNetUsers] ADD [Picture] nvarchar(max) NULL; 
2020-11-22 04:07:57.9516|20101|INFO|Microsoft.EntityFrameworkCore.Database.Command|Executed DbCommand (4ms) [Parameters=[], CommandType='Text', CommandTimeout='30']
ALTER TABLE [AspNetUsers] ADD [Status] nvarchar(max) NULL; 
2020-11-22 04:07:57.9716|20101|INFO|Microsoft.EntityFrameworkCore.Database.Command|Executed DbCommand (11ms) [Parameters=[], CommandType='Text', CommandTimeout='30']
INSERT INTO [__EFMigrationsHistory] ([MigrationId], [ProductVersion])
VALUES (N'20201121200707_test', N'5.0.0-rc.1.20451.13'); 
