2020-11-22 02:04:05.4460|50|WARN|Microsoft.AspNetCore.DataProtection.Repositories.EphemeralXmlRepository|Using an in-memory repository. Keys will not be persisted to storage. 
2020-11-22 02:04:05.5230|59|WARN|Microsoft.AspNetCore.DataProtection.KeyManagement.XmlKeyManager|Neither user profile nor HKLM registry available. Using an ephemeral key repository. Protected data will be unavailable when application exits. 
2020-11-22 02:04:05.5740|35|WARN|Microsoft.AspNetCore.DataProtection.KeyManagement.XmlKeyManager|No XML encryptor configured. Key {fc783395-88c4-41bc-8d5f-8215778250bd} may be persisted to storage in unencrypted form. 
2020-11-22 02:04:08.1451||INFO|Microsoft.Hosting.Lifetime|Application started. Press Ctrl+C to shut down. 
2020-11-22 02:04:08.1491||INFO|Microsoft.Hosting.Lifetime|Hosting environment: Production 
2020-11-22 02:04:08.1491||INFO|Microsoft.Hosting.Lifetime|Content root path: E:\vscode\NetNote\bin\release\netcoreapp3.0\win7-x64\publish 
2020-11-22 02:04:08.1981|3|WARN|Microsoft.AspNetCore.HttpsPolicy.HttpsRedirectionMiddleware|Failed to determine the https port for redirect. 
2020-11-22 02:10:49.4731||INFO|Microsoft.Hosting.Lifetime|Application is shutting down... 
2020-11-22 02:11:13.3645|50|WARN|Microsoft.AspNetCore.DataProtection.Repositories.EphemeralXmlRepository|Using an in-memory repository. Keys will not be persisted to storage. 
2020-11-22 02:11:13.4935|59|WARN|Microsoft.AspNetCore.DataProtection.KeyManagement.XmlKeyManager|Neither user profile nor HKLM registry available. Using an ephemeral key repository. Protected data will be unavailable when application exits. 
2020-11-22 02:11:13.5495|35|WARN|Microsoft.AspNetCore.DataProtection.KeyManagement.XmlKeyManager|No XML encryptor configured. Key {68abdbef-6707-4a9f-bca0-2909ab6102ba} may be persisted to storage in unencrypted form. 
2020-11-22 02:11:13.6355|6|FATAL|Microsoft.AspNetCore.Hosting.Diagnostics|Application startup exception System.InvalidOperationException: Application is running inside IIS process but is not configured to use IIS server.
   at Microsoft.AspNetCore.Server.IIS.Core.IISServerSetupFilter.<>c__DisplayClass2_0.<Configure>b__0(IApplicationBuilder app)
   at Microsoft.AspNetCore.HostFilteringStartupFilter.<>c__DisplayClass0_0.<Configure>b__0(IApplicationBuilder app)
   at Microsoft.AspNetCore.Hosting.GenericWebHostService.StartAsync(CancellationToken cancellationToken)
2020-11-22 02:13:09.4871|50|WARN|Microsoft.AspNetCore.DataProtection.Repositories.EphemeralXmlRepository|Using an in-memory repository. Keys will not be persisted to storage. 
2020-11-22 02:13:09.5411|59|WARN|Microsoft.AspNetCore.DataProtection.KeyManagement.XmlKeyManager|Neither user profile nor HKLM registry available. Using an ephemeral key repository. Protected data will be unavailable when application exits. 
2020-11-22 02:13:09.5831|35|WARN|Microsoft.AspNetCore.DataProtection.KeyManagement.XmlKeyManager|No XML encryptor configured. Key {62591d2d-1c3f-429a-8a3d-bc7bb4326694} may be persisted to storage in unencrypted form. 
2020-11-22 02:13:12.0583||INFO|Microsoft.Hosting.Lifetime|Now listening on: http://127.0.0.1:38432 
2020-11-22 02:13:12.0593||INFO|Microsoft.Hosting.Lifetime|Application started. Press Ctrl+C to shut down. 
2020-11-22 02:13:12.0593||INFO|Microsoft.Hosting.Lifetime|Hosting environment: Production 
2020-11-22 02:13:12.0593||INFO|Microsoft.Hosting.Lifetime|Content root path: E:\vscode\NetNote\bin\release\netcoreapp3.0\win7-x64\publish 
2020-11-22 02:13:12.3073|3|WARN|Microsoft.AspNetCore.HttpsPolicy.HttpsRedirectionMiddleware|Failed to determine the https port for redirect. 
2020-11-22 02:25:08.4952||INFO|Microsoft.Hosting.Lifetime|Application is shutting down... 
2020-11-22 02:49:06.2485|50|WARN|Microsoft.AspNetCore.DataProtection.Repositories.EphemeralXmlRepository|Using an in-memory repository. Keys will not be persisted to storage. 
2020-11-22 02:49:06.3195|59|WARN|Microsoft.AspNetCore.DataProtection.KeyManagement.XmlKeyManager|Neither user profile nor HKLM registry available. Using an ephemeral key repository. Protected data will be unavailable when application exits. 
2020-11-22 02:49:06.3835|35|WARN|Microsoft.AspNetCore.DataProtection.KeyManagement.XmlKeyManager|No XML encryptor configured. Key {05247855-0833-4fb6-a23d-48f9cb2f2ee9} may be persisted to storage in unencrypted form. 
2020-11-22 02:49:06.4805|6|FATAL|Microsoft.AspNetCore.Hosting.Diagnostics|Application startup exception System.InvalidOperationException: Application is running inside IIS process but is not configured to use IIS server.
   at Microsoft.AspNetCore.Server.IIS.Core.IISServerSetupFilter.<>c__DisplayClass2_0.<Configure>b__0(IApplicationBuilder app)
   at Microsoft.AspNetCore.HostFilteringStartupFilter.<>c__DisplayClass0_0.<Configure>b__0(IApplicationBuilder app)
   at Microsoft.AspNetCore.Hosting.GenericWebHostService.StartAsync(CancellationToken cancellationToken)
2020-11-22 02:50:44.1131|50|WARN|Microsoft.AspNetCore.DataProtection.Repositories.EphemeralXmlRepository|Using an in-memory repository. Keys will not be persisted to storage. 
2020-11-22 02:50:44.1701|59|WARN|Microsoft.AspNetCore.DataProtection.KeyManagement.XmlKeyManager|Neither user profile nor HKLM registry available. Using an ephemeral key repository. Protected data will be unavailable when application exits. 
2020-11-22 02:50:44.2081|35|WARN|Microsoft.AspNetCore.DataProtection.KeyManagement.XmlKeyManager|No XML encryptor configured. Key {cefc9bf9-9bdc-4904-95b9-3691056814fd} may be persisted to storage in unencrypted form. 
2020-11-22 02:50:46.6123||INFO|Microsoft.Hosting.Lifetime|Now listening on: http://127.0.0.1:38046 
2020-11-22 02:50:46.6123||INFO|Microsoft.Hosting.Lifetime|Application started. Press Ctrl+C to shut down. 
2020-11-22 02:50:46.6123||INFO|Microsoft.Hosting.Lifetime|Hosting environment: Production 
2020-11-22 02:50:46.6123||INFO|Microsoft.Hosting.Lifetime|Content root path: E:\vscode\NetNote\bin\release\netcoreapp3.0\win7-x64\publish 
2020-11-22 02:50:46.8673|3|WARN|Microsoft.AspNetCore.HttpsPolicy.HttpsRedirectionMiddleware|Failed to determine the https port for redirect. 
2020-11-22 03:11:47.0829||INFO|Microsoft.Hosting.Lifetime|Application is shutting down... 
2020-11-22 03:48:03.2658|50|WARN|Microsoft.AspNetCore.DataProtection.Repositories.EphemeralXmlRepository|Using an in-memory repository. Keys will not be persisted to storage. 
2020-11-22 03:48:03.3198|59|WARN|Microsoft.AspNetCore.DataProtection.KeyManagement.XmlKeyManager|Neither user profile nor HKLM registry available. Using an ephemeral key repository. Protected data will be unavailable when application exits. 
2020-11-22 03:48:03.3548|35|WARN|Microsoft.AspNetCore.DataProtection.KeyManagement.XmlKeyManager|No XML encryptor configured. Key {2616a282-7ee6-4c2e-84b4-bb2be4b1d949} may be persisted to storage in unencrypted form. 
2020-11-22 03:48:03.4248|6|FATAL|Microsoft.AspNetCore.Hosting.Diagnostics|Application startup exception System.InvalidOperationException: Application is running inside IIS process but is not configured to use IIS server.
   at Microsoft.AspNetCore.Server.IIS.Core.IISServerSetupFilter.<>c__DisplayClass2_0.<Configure>b__0(IApplicationBuilder app)
   at Microsoft.AspNetCore.HostFilteringStartupFilter.<>c__DisplayClass0_0.<Configure>b__0(IApplicationBuilder app)
   at Microsoft.AspNetCore.Hosting.GenericWebHostService.StartAsync(CancellationToken cancellationToken)
2020-11-22 03:48:17.9896|50|WARN|Microsoft.AspNetCore.DataProtection.Repositories.EphemeralXmlRepository|Using an in-memory repository. Keys will not be persisted to storage. 
2020-11-22 03:48:18.0396|59|WARN|Microsoft.AspNetCore.DataProtection.KeyManagement.XmlKeyManager|Neither user profile nor HKLM registry available. Using an ephemeral key repository. Protected data will be unavailable when application exits. 
2020-11-22 03:48:18.0746|35|WARN|Microsoft.AspNetCore.DataProtection.KeyManagement.XmlKeyManager|No XML encryptor configured. Key {9f5d2000-9ce7-4d59-98b9-6f1eb6fb4e54} may be persisted to storage in unencrypted form. 
2020-11-22 03:48:20.0217||INFO|Microsoft.Hosting.Lifetime|Now listening on: http://127.0.0.1:16745 
2020-11-22 03:48:20.0217||INFO|Microsoft.Hosting.Lifetime|Application started. Press Ctrl+C to shut down. 
2020-11-22 03:48:20.0217||INFO|Microsoft.Hosting.Lifetime|Hosting environment: Production 
2020-11-22 03:48:20.0267||INFO|Microsoft.Hosting.Lifetime|Content root path: E:\vscode\NetNote\bin\release\netcoreapp3.0\win7-x64\publish 
2020-11-22 03:48:20.2838|3|WARN|Microsoft.AspNetCore.HttpsPolicy.HttpsRedirectionMiddleware|Failed to determine the https port for redirect. 
2020-11-22 03:49:07.4314||WARN|NetNote.Controllers.AccountController|Failed to log in liangkang 
2020-11-22 03:49:09.4556||WARN|NetNote.Controllers.AccountController|Failed to log in liangkang 
2020-11-22 03:49:10.3476||WARN|NetNote.Controllers.AccountController|Failed to log in liangkang 
2020-11-22 03:49:14.1868||WARN|NetNote.Controllers.AccountController|Failed to log in liangkang 
2020-11-22 03:50:06.9718||WARN|NetNote.Controllers.AccountController|Failed to log in liangkang 
2020-11-22 03:50:47.6442||WARN|NetNote.Controllers.AccountController|Failed to log in abababab 
2020-11-22 03:54:53.3517||INFO|Microsoft.Hosting.Lifetime|Application is shutting down... 
2020-11-22 03:57:26.9834|50|WARN|Microsoft.AspNetCore.DataProtection.Repositories.EphemeralXmlRepository|Using an in-memory repository. Keys will not be persisted to storage. 
2020-11-22 03:57:27.0404|59|WARN|Microsoft.AspNetCore.DataProtection.KeyManagement.XmlKeyManager|Neither user profile nor HKLM registry available. Using an ephemeral key repository. Protected data will be unavailable when application exits. 
2020-11-22 03:57:27.0734|35|WARN|Microsoft.AspNetCore.DataProtection.KeyManagement.XmlKeyManager|No XML encryptor configured. Key {70603e5d-a8a4-4721-b82b-555bb4035c7a} may be persisted to storage in unencrypted form. 
2020-11-22 03:57:27.1404|6|FATAL|Microsoft.AspNetCore.Hosting.Diagnostics|Application startup exception System.InvalidOperationException: Application is running inside IIS process but is not configured to use IIS server.
   at Microsoft.AspNetCore.Server.IIS.Core.IISServerSetupFilter.<>c__DisplayClass2_0.<Configure>b__0(IApplicationBuilder app)
   at Microsoft.AspNetCore.HostFilteringStartupFilter.<>c__DisplayClass0_0.<Configure>b__0(IApplicationBuilder app)
   at Microsoft.AspNetCore.Hosting.GenericWebHostService.StartAsync(CancellationToken cancellationToken)
2020-11-22 03:57:45.1049|50|WARN|Microsoft.AspNetCore.DataProtection.Repositories.EphemeralXmlRepository|Using an in-memory repository. Keys will not be persisted to storage. 
2020-11-22 03:57:45.1589|59|WARN|Microsoft.AspNetCore.DataProtection.KeyManagement.XmlKeyManager|Neither user profile nor HKLM registry available. Using an ephemeral key repository. Protected data will be unavailable when application exits. 
2020-11-22 03:57:45.2019|35|WARN|Microsoft.AspNetCore.DataProtection.KeyManagement.XmlKeyManager|No XML encryptor configured. Key {74938545-1958-4f08-a93f-9443a299703c} may be persisted to storage in unencrypted form. 
2020-11-22 03:57:47.2630||INFO|Microsoft.Hosting.Lifetime|Now listening on: http://127.0.0.1:27215 
2020-11-22 03:57:47.2630||INFO|Microsoft.Hosting.Lifetime|Application started. Press Ctrl+C to shut down. 
2020-11-22 03:57:47.2630||INFO|Microsoft.Hosting.Lifetime|Hosting environment: Production 
2020-11-22 03:57:47.2630||INFO|Microsoft.Hosting.Lifetime|Content root path: E:\vscode\NetNote\bin\release\netcoreapp3.0\win7-x64\publish 
2020-11-22 03:57:47.5020|3|WARN|Microsoft.AspNetCore.HttpsPolicy.HttpsRedirectionMiddleware|Failed to determine the https port for redirect. 
2020-11-22 03:57:49.6541|7|ERROR|Microsoft.AspNetCore.Antiforgery.DefaultAntiforgery|An exception was thrown while deserializing the token. Microsoft.AspNetCore.Antiforgery.AntiforgeryValidationException: The antiforgery token could not be decrypted.
 ---> System.Security.Cryptography.CryptographicException: The key {9f5d2000-9ce7-4d59-98b9-6f1eb6fb4e54} was not found in the key ring.
   at Microsoft.AspNetCore.DataProtection.KeyManagement.KeyRingBasedDataProtector.UnprotectCore(Byte[] protectedData, Boolean allowOperationsOnRevokedKeys, UnprotectStatus& status)
   at Microsoft.AspNetCore.DataProtection.KeyManagement.KeyRingBasedDataProtector.DangerousUnprotect(Byte[] protectedData, Boolean ignoreRevocationErrors, Boolean& requiresMigration, Boolean& wasRevoked)
   at Microsoft.AspNetCore.DataProtection.KeyManagement.KeyRingBasedDataProtector.Unprotect(Byte[] protectedData)
   at Microsoft.AspNetCore.Antiforgery.DefaultAntiforgeryTokenSerializer.Deserialize(String serializedToken)
   --- End of inner exception stack trace ---
   at Microsoft.AspNetCore.Antiforgery.DefaultAntiforgeryTokenSerializer.Deserialize(String serializedToken)
   at Microsoft.AspNetCore.Antiforgery.DefaultAntiforgery.GetCookieTokenDoesNotThrow(HttpContext httpContext)
2020-11-22 03:57:59.1537|20102|ERROR|Microsoft.EntityFrameworkCore.Database.Command|Failed executing DbCommand (58ms) [Parameters=[@__normalizedUserName_0='?' (Size = 256)], CommandType='Text', CommandTimeout='30']
SELECT TOP(1) [a].[Id], [a].[AccessFailedCount], [a].[ConcurrencyStamp], [a].[Email], [a].[EmailConfirmed], [a].[LockoutEnabled], [a].[LockoutEnd], [a].[NormalizedEmail], [a].[NormalizedUserName], [a].[PasswordHash], [a].[PhoneNumber], [a].[PhoneNumberConfirmed], [a].[Picture], [a].[SecurityStamp], [a].[Status], [a].[TwoFactorEnabled], [a].[UserName]
FROM [AspNetUsers] AS [a]
WHERE [a].[NormalizedUserName] = @__normalizedUserName_0 
2020-11-22 03:57:59.1987|10100|ERROR|Microsoft.EntityFrameworkCore.Query|An exception occurred while iterating over the results of a query for context type 'NetNote.Models.NoteContext'.
Microsoft.Data.SqlClient.SqlException (0x80131904): 列名 'Picture' 无效。
列名 'Status' 无效。
   at Microsoft.Data.SqlClient.SqlCommand.<>c.<ExecuteDbDataReaderAsync>b__169_0(Task`1 result)
   at System.Threading.Tasks.ContinuationResultTaskFromResultTask`2.InnerInvoke()
   at System.Threading.Tasks.Task.<>c.<.cctor>b__274_0(Object obj)
   at System.Threading.ExecutionContext.RunInternal(ExecutionContext executionContext, ContextCallback callback, Object state)
--- End of stack trace from previous location where exception was thrown ---
   at System.Threading.Tasks.Task.ExecuteWithThreadLocal(Task& currentTaskSlot, Thread threadPoolThread)
--- End of stack trace from previous location where exception was thrown ---
   at Microsoft.EntityFrameworkCore.Storage.RelationalCommand.ExecuteReaderAsync(RelationalCommandParameterObject parameterObject, CancellationToken cancellationToken)
   at Microsoft.EntityFrameworkCore.Storage.RelationalCommand.ExecuteReaderAsync(RelationalCommandParameterObject parameterObject, CancellationToken cancellationToken)
   at Microsoft.EntityFrameworkCore.Storage.RelationalCommand.ExecuteReaderAsync(RelationalCommandParameterObject parameterObject, CancellationToken cancellationToken)
   at Microsoft.EntityFrameworkCore.Query.Internal.SingleQueryingEnumerable`1.AsyncEnumerator.InitializeReaderAsync(DbContext _, Boolean result, CancellationToken cancellationToken)
   at Microsoft.EntityFrameworkCore.SqlServer.Storage.Internal.SqlServerExecutionStrategy.ExecuteAsync[TState,TResult](TState state, Func`4 operation, Func`4 verifySucceeded, CancellationToken cancellationToken)
   at Microsoft.EntityFrameworkCore.Query.Internal.SingleQueryingEnumerable`1.AsyncEnumerator.MoveNextAsync()
ClientConnectionId:5eb44a4c-9e24-49cb-92a5-805903b2673d
Error Number:207,State:1,Class:16 Microsoft.Data.SqlClient.SqlException (0x80131904): 列名 'Picture' 无效。
列名 'Status' 无效。
   at Microsoft.Data.SqlClient.SqlCommand.<>c.<ExecuteDbDataReaderAsync>b__169_0(Task`1 result)
   at System.Threading.Tasks.ContinuationResultTaskFromResultTask`2.InnerInvoke()
   at System.Threading.Tasks.Task.<>c.<.cctor>b__274_0(Object obj)
   at System.Threading.ExecutionContext.RunInternal(ExecutionContext executionContext, ContextCallback callback, Object state)
--- End of stack trace from previous location where exception was thrown ---
   at System.Threading.Tasks.Task.ExecuteWithThreadLocal(Task& currentTaskSlot, Thread threadPoolThread)
--- End of stack trace from previous location where exception was thrown ---
   at Microsoft.EntityFrameworkCore.Storage.RelationalCommand.ExecuteReaderAsync(RelationalCommandParameterObject parameterObject, CancellationToken cancellationToken)
   at Microsoft.EntityFrameworkCore.Storage.RelationalCommand.ExecuteReaderAsync(RelationalCommandParameterObject parameterObject, CancellationToken cancellationToken)
   at Microsoft.EntityFrameworkCore.Storage.RelationalCommand.ExecuteReaderAsync(RelationalCommandParameterObject parameterObject, CancellationToken cancellationToken)
   at Microsoft.EntityFrameworkCore.Query.Internal.SingleQueryingEnumerable`1.AsyncEnumerator.InitializeReaderAsync(DbContext _, Boolean result, CancellationToken cancellationToken)
   at Microsoft.EntityFrameworkCore.SqlServer.Storage.Internal.SqlServerExecutionStrategy.ExecuteAsync[TState,TResult](TState state, Func`4 operation, Func`4 verifySucceeded, CancellationToken cancellationToken)
   at Microsoft.EntityFrameworkCore.Query.Internal.SingleQueryingEnumerable`1.AsyncEnumerator.MoveNextAsync()
ClientConnectionId:5eb44a4c-9e24-49cb-92a5-805903b2673d
Error Number:207,State:1,Class:16
2020-11-22 03:57:59.2267||ERROR|NetNote.Filter.GlobalExceptionFilter|系统编号：1,主机IP:::1,堆栈信息：   at Microsoft.Data.SqlClient.SqlCommand.<>c.<ExecuteDbDataReaderAsync>b__169_0(Task`1 result)
   at System.Threading.Tasks.ContinuationResultTaskFromResultTask`2.InnerInvoke()
   at System.Threading.Tasks.Task.<>c.<.cctor>b__274_0(Object obj)
   at System.Threading.ExecutionContext.RunInternal(ExecutionContext executionContext, ContextCallback callback, Object state)
--- End of stack trace from previous location where exception was thrown ---
   at System.Threading.Tasks.Task.ExecuteWithThreadLocal(Task& currentTaskSlot, Thread threadPoolThread)
--- End of stack trace from previous location where exception was thrown ---
   at Microsoft.EntityFrameworkCore.Storage.RelationalCommand.ExecuteReaderAsync(RelationalCommandParameterObject parameterObject, CancellationToken cancellationToken)
   at Microsoft.EntityFrameworkCore.Storage.RelationalCommand.ExecuteReaderAsync(RelationalCommandParameterObject parameterObject, CancellationToken cancellationToken)
   at Microsoft.EntityFrameworkCore.Storage.RelationalCommand.ExecuteReaderAsync(RelationalCommandParameterObject parameterObject, CancellationToken cancellationToken)
   at Microsoft.EntityFrameworkCore.Query.Internal.SingleQueryingEnumerable`1.AsyncEnumerator.InitializeReaderAsync(DbContext _, Boolean result, CancellationToken cancellationToken)
   at Microsoft.EntityFrameworkCore.SqlServer.Storage.Internal.SqlServerExecutionStrategy.ExecuteAsync[TState,TResult](TState state, Func`4 operation, Func`4 verifySucceeded, CancellationToken cancellationToken)
   at Microsoft.EntityFrameworkCore.Query.Internal.SingleQueryingEnumerable`1.AsyncEnumerator.MoveNextAsync()
   at Microsoft.EntityFrameworkCore.Query.ShapedQueryCompilingExpressionVisitor.SingleOrDefaultAsync[TSource](IAsyncEnumerable`1 asyncEnumerable, CancellationToken cancellationToken)
   at Microsoft.EntityFrameworkCore.Query.ShapedQueryCompilingExpressionVisitor.SingleOrDefaultAsync[TSource](IAsyncEnumerable`1 asyncEnumerable, CancellationToken cancellationToken)
   at Microsoft.AspNetCore.Identity.UserManager`1.FindByNameAsync(String userName)
   at Microsoft.AspNetCore.Identity.SignInManager`1.PasswordSignInAsync(String userName, String password, Boolean isPersistent, Boolean lockoutOnFailure)
   at NetNote.Controllers.AccountController.Login(LoginViewModel model, String returnUrl) in E:\vscode\NetNote\Controllers\AccountController.cs:line 46
   at Microsoft.AspNetCore.Mvc.Infrastructure.ActionMethodExecutor.TaskOfIActionResultExecutor.Execute(IActionResultTypeMapper mapper, ObjectMethodExecutor executor, Object controller, Object[] arguments)
   at Microsoft.AspNetCore.Mvc.Infrastructure.ControllerActionInvoker.<InvokeActionMethodAsync>g__Awaited|12_0(ControllerActionInvoker invoker, ValueTask`1 actionResultValueTask)
   at Microsoft.AspNetCore.Mvc.Infrastructure.ControllerActionInvoker.<InvokeNextActionFilterAsync>g__Awaited|10_0(ControllerActionInvoker invoker, Task lastTask, State next, Scope scope, Object state, Boolean isCompleted)
   at Microsoft.AspNetCore.Mvc.Infrastructure.ControllerActionInvoker.Rethrow(ActionExecutedContextSealed context)
   at Microsoft.AspNetCore.Mvc.Infrastructure.ControllerActionInvoker.Next(State& next, Scope& scope, Object& state, Boolean& isCompleted)
   at Microsoft.AspNetCore.Mvc.Infrastructure.ControllerActionInvoker.<InvokeInnerFilterAsync>g__Awaited|13_0(ControllerActionInvoker invoker, Task lastTask, State next, Scope scope, Object state, Boolean isCompleted)
   at Microsoft.AspNetCore.Mvc.Infrastructure.ResourceInvoker.<InvokeNextExceptionFilterAsync>g__Awaited|25_0(ResourceInvoker invoker, Task lastTask, State next, Scope scope, Object state, Boolean isCompleted),异常描述：列名 'Picture' 无效。
列名 'Status' 无效。 
2020-11-22 04:08:22.5750||INFO|Microsoft.Hosting.Lifetime|Application is shutting down... 
2020-11-22 04:09:44.4707|50|WARN|Microsoft.AspNetCore.DataProtection.Repositories.EphemeralXmlRepository|Using an in-memory repository. Keys will not be persisted to storage. 
2020-11-22 04:09:44.5267|59|WARN|Microsoft.AspNetCore.DataProtection.KeyManagement.XmlKeyManager|Neither user profile nor HKLM registry available. Using an ephemeral key repository. Protected data will be unavailable when application exits. 
2020-11-22 04:09:44.5727|35|WARN|Microsoft.AspNetCore.DataProtection.KeyManagement.XmlKeyManager|No XML encryptor configured. Key {e16d6f61-b7fb-4ec5-9249-d4804c4338f2} may be persisted to storage in unencrypted form. 
2020-11-22 04:09:44.6487|6|FATAL|Microsoft.AspNetCore.Hosting.Diagnostics|Application startup exception System.InvalidOperationException: Application is running inside IIS process but is not configured to use IIS server.
   at Microsoft.AspNetCore.Server.IIS.Core.IISServerSetupFilter.<>c__DisplayClass2_0.<Configure>b__0(IApplicationBuilder app)
   at Microsoft.AspNetCore.HostFilteringStartupFilter.<>c__DisplayClass0_0.<Configure>b__0(IApplicationBuilder app)
   at Microsoft.AspNetCore.Hosting.GenericWebHostService.StartAsync(CancellationToken cancellationToken)
2020-11-22 04:09:58.2285|50|WARN|Microsoft.AspNetCore.DataProtection.Repositories.EphemeralXmlRepository|Using an in-memory repository. Keys will not be persisted to storage. 
2020-11-22 04:09:58.2795|59|WARN|Microsoft.AspNetCore.DataProtection.KeyManagement.XmlKeyManager|Neither user profile nor HKLM registry available. Using an ephemeral key repository. Protected data will be unavailable when application exits. 
2020-11-22 04:09:58.3175|35|WARN|Microsoft.AspNetCore.DataProtection.KeyManagement.XmlKeyManager|No XML encryptor configured. Key {1d808915-7018-4675-983f-1ed997fb2762} may be persisted to storage in unencrypted form. 
2020-11-22 04:10:00.3596||INFO|Microsoft.Hosting.Lifetime|Now listening on: http://127.0.0.1:46949 
2020-11-22 04:10:00.3596||INFO|Microsoft.Hosting.Lifetime|Application started. Press Ctrl+C to shut down. 
2020-11-22 04:10:00.3596||INFO|Microsoft.Hosting.Lifetime|Hosting environment: Production 
2020-11-22 04:10:00.3596||INFO|Microsoft.Hosting.Lifetime|Content root path: E:\vscode\NetNote\bin\release\netcoreapp3.0\win7-x64\publish 
2020-11-22 04:10:00.4616|3|WARN|Microsoft.AspNetCore.HttpsPolicy.HttpsRedirectionMiddleware|Failed to determine the https port for redirect. 
2020-11-22 04:10:04.7489|7|ERROR|Microsoft.AspNetCore.Antiforgery.DefaultAntiforgery|An exception was thrown while deserializing the token. Microsoft.AspNetCore.Antiforgery.AntiforgeryValidationException: The antiforgery token could not be decrypted.
 ---> System.Security.Cryptography.CryptographicException: The key {74938545-1958-4f08-a93f-9443a299703c} was not found in the key ring.
   at Microsoft.AspNetCore.DataProtection.KeyManagement.KeyRingBasedDataProtector.UnprotectCore(Byte[] protectedData, Boolean allowOperationsOnRevokedKeys, UnprotectStatus& status)
   at Microsoft.AspNetCore.DataProtection.KeyManagement.KeyRingBasedDataProtector.DangerousUnprotect(Byte[] protectedData, Boolean ignoreRevocationErrors, Boolean& requiresMigration, Boolean& wasRevoked)
   at Microsoft.AspNetCore.DataProtection.KeyManagement.KeyRingBasedDataProtector.Unprotect(Byte[] protectedData)
   at Microsoft.AspNetCore.Antiforgery.DefaultAntiforgeryTokenSerializer.Deserialize(String serializedToken)
   --- End of inner exception stack trace ---
   at Microsoft.AspNetCore.Antiforgery.DefaultAntiforgeryTokenSerializer.Deserialize(String serializedToken)
   at Microsoft.AspNetCore.Antiforgery.DefaultAntiforgery.GetCookieTokenDoesNotThrow(HttpContext httpContext)
2020-11-22 04:11:46.4707|7|ERROR|Microsoft.AspNetCore.Antiforgery.DefaultAntiforgery|An exception was thrown while deserializing the token. Microsoft.AspNetCore.Antiforgery.AntiforgeryValidationException: The antiforgery token could not be decrypted.
 ---> System.Security.Cryptography.CryptographicException: The key {cefc9bf9-9bdc-4904-95b9-3691056814fd} was not found in the key ring.
   at Microsoft.AspNetCore.DataProtection.KeyManagement.KeyRingBasedDataProtector.UnprotectCore(Byte[] protectedData, Boolean allowOperationsOnRevokedKeys, UnprotectStatus& status)
   at Microsoft.AspNetCore.DataProtection.KeyManagement.KeyRingBasedDataProtector.DangerousUnprotect(Byte[] protectedData, Boolean ignoreRevocationErrors, Boolean& requiresMigration, Boolean& wasRevoked)
   at Microsoft.AspNetCore.DataProtection.KeyManagement.KeyRingBasedDataProtector.Unprotect(Byte[] protectedData)
   at Microsoft.AspNetCore.Antiforgery.DefaultAntiforgeryTokenSerializer.Deserialize(String serializedToken)
   --- End of inner exception stack trace ---
   at Microsoft.AspNetCore.Antiforgery.DefaultAntiforgeryTokenSerializer.Deserialize(String serializedToken)
   at Microsoft.AspNetCore.Antiforgery.DefaultAntiforgery.GetCookieTokenDoesNotThrow(HttpContext httpContext)
2020-11-22 04:22:57.4286||INFO|Microsoft.Hosting.Lifetime|Application is shutting down... 
